<?xml version="1.0" encoding="UTF-8"?>
<testsuite xmlns:xsi="http://www.w3.org/2001/XMLSchema-instance" xsi:noNamespaceSchemaLocation="https://maven.apache.org/surefire/maven-surefire-plugin/xsd/surefire-test-report.xsd" name="com.ivantchernev.algorithms.BoardTest" time="0.024" tests="3" errors="0" skipped="0" failures="1">
  <properties>
    <property name="gopherProxySet" value="false"/>
    <property name="awt.toolkit" value="sun.lwawt.macosx.LWCToolkit"/>
    <property name="java.specification.version" value="9"/>
    <property name="file.encoding.pkg" value="sun.io"/>
    <property name="sun.cpu.isalist" value=""/>
    <property name="sun.jnu.encoding" value="UTF-8"/>
    <property name="java.class.path" value="/Users/itchernev/Dev/java/eightpuzzle/target/test-classes:/Users/itchernev/Dev/java/eightpuzzle/target/classes:/Users/itchernev/.m2/repository/edu/princeton/cs/algs4/1.0.3/algs4-1.0.3.jar:/Users/itchernev/.m2/repository/org/junit/jupiter/junit-jupiter-api/5.2.0/junit-jupiter-api-5.2.0.jar:/Users/itchernev/.m2/repository/org/apiguardian/apiguardian-api/1.0.0/apiguardian-api-1.0.0.jar:/Users/itchernev/.m2/repository/org/opentest4j/opentest4j/1.1.0/opentest4j-1.1.0.jar:/Users/itchernev/.m2/repository/org/junit/platform/junit-platform-commons/1.2.0/junit-platform-commons-1.2.0.jar:/Users/itchernev/.m2/repository/org/junit/jupiter/junit-jupiter-engine/5.2.0/junit-jupiter-engine-5.2.0.jar:/Users/itchernev/.m2/repository/org/junit/platform/junit-platform-engine/1.2.0/junit-platform-engine-1.2.0.jar:"/>
    <property name="java.vm.vendor" value="Oracle Corporation"/>
    <property name="sun.arch.data.model" value="64"/>
    <property name="java.vendor.url" value="http://java.oracle.com/"/>
    <property name="user.timezone" value=""/>
    <property name="java.vm.specification.version" value="9"/>
    <property name="os.name" value="Mac OS X"/>
    <property name="sun.java.launcher" value="SUN_STANDARD"/>
    <property name="user.country" value="GB"/>
    <property name="sun.boot.library.path" value="/Library/Java/JavaVirtualMachines/jdk-9.jdk/Contents/Home/lib"/>
    <property name="sun.java.command" value="/Users/itchernev/Dev/java/eightpuzzle/target/surefire/surefirebooter5961922255092332466.jar /Users/itchernev/Dev/java/eightpuzzle/target/surefire 2018-09-11T23-14-27_815-jvmRun1 surefire2602109957655780058tmp surefire_013336086113232160183tmp"/>
    <property name="http.nonProxyHosts" value="local|*.local|169.254/16|*.169.254/16"/>
    <property name="jdk.debug" value="release"/>
    <property name="surefire.test.class.path" value="/Users/itchernev/Dev/java/eightpuzzle/target/test-classes:/Users/itchernev/Dev/java/eightpuzzle/target/classes:/Users/itchernev/.m2/repository/edu/princeton/cs/algs4/1.0.3/algs4-1.0.3.jar:/Users/itchernev/.m2/repository/org/junit/jupiter/junit-jupiter-api/5.2.0/junit-jupiter-api-5.2.0.jar:/Users/itchernev/.m2/repository/org/apiguardian/apiguardian-api/1.0.0/apiguardian-api-1.0.0.jar:/Users/itchernev/.m2/repository/org/opentest4j/opentest4j/1.1.0/opentest4j-1.1.0.jar:/Users/itchernev/.m2/repository/org/junit/platform/junit-platform-commons/1.2.0/junit-platform-commons-1.2.0.jar:/Users/itchernev/.m2/repository/org/junit/jupiter/junit-jupiter-engine/5.2.0/junit-jupiter-engine-5.2.0.jar:/Users/itchernev/.m2/repository/org/junit/platform/junit-platform-engine/1.2.0/junit-platform-engine-1.2.0.jar:"/>
    <property name="sun.cpu.endian" value="little"/>
    <property name="user.home" value="/Users/itchernev"/>
    <property name="user.language" value="en"/>
    <property name="java.specification.vendor" value="Oracle Corporation"/>
    <property name="java.home" value="/Library/Java/JavaVirtualMachines/jdk-9.jdk/Contents/Home"/>
    <property name="file.separator" value="/"/>
    <property name="basedir" value="/Users/itchernev/Dev/java/eightpuzzle"/>
    <property name="java.vm.compressedOopsMode" value="Zero based"/>
    <property name="line.separator" value="&#10;"/>
    <property name="java.specification.name" value="Java Platform API Specification"/>
    <property name="java.vm.specification.vendor" value="Oracle Corporation"/>
    <property name="java.awt.graphicsenv" value="sun.awt.CGraphicsEnvironment"/>
    <property name="surefire.real.class.path" value="/Users/itchernev/Dev/java/eightpuzzle/target/surefire/surefirebooter5961922255092332466.jar"/>
    <property name="sun.management.compiler" value="HotSpot 64-Bit Tiered Compilers"/>
    <property name="ftp.nonProxyHosts" value="local|*.local|169.254/16|*.169.254/16"/>
    <property name="java.runtime.version" value="9+181"/>
    <property name="user.name" value="itchernev"/>
    <property name="path.separator" value=":"/>
    <property name="os.version" value="10.13.5"/>
    <property name="java.runtime.name" value="Java(TM) SE Runtime Environment"/>
    <property name="file.encoding" value="UTF-8"/>
    <property name="java.vm.name" value="Java HotSpot(TM) 64-Bit Server VM"/>
    <property name="localRepository" value="/Users/itchernev/.m2/repository"/>
    <property name="java.vendor.url.bug" value="http://bugreport.java.com/bugreport/"/>
    <property name="java.io.tmpdir" value="/var/folders/z6/7_cnncc16c90gjr85n2v4wlw0000gp/T/"/>
    <property name="java.version" value="9"/>
    <property name="user.dir" value="/Users/itchernev/Dev/java/eightpuzzle"/>
    <property name="os.arch" value="x86_64"/>
    <property name="java.vm.specification.name" value="Java Virtual Machine Specification"/>
    <property name="java.awt.printerjob" value="sun.lwawt.macosx.CPrinterJob"/>
    <property name="sun.os.patch.level" value="unknown"/>
    <property name="java.library.path" value="/Users/itchernev/Library/Java/Extensions:/Library/Java/Extensions:/Network/Library/Java/Extensions:/System/Library/Java/Extensions:/usr/lib/java:."/>
    <property name="java.vm.info" value="mixed mode"/>
    <property name="java.vendor" value="Oracle Corporation"/>
    <property name="java.vm.version" value="9+181"/>
    <property name="sun.io.unicode.encoding" value="UnicodeBig"/>
    <property name="java.class.version" value="53.0"/>
    <property name="socksNonProxyHosts" value="local|*.local|169.254/16|*.169.254/16"/>
  </properties>
  <testcase name="hammingShouldReturnBlocksOutOfPlace" classname="com.ivantchernev.algorithms.BoardTest" time="0.006"/>
  <testcase name="manhattanShouldReturnDistancesBetweenBlocksAndGoal" classname="com.ivantchernev.algorithms.BoardTest" time="0.013">
    <failure message="Manhattan (5 failures)&#10;	expected: &lt;2&gt; but was: &lt;3&gt;&#10;	expected: &lt;1&gt; but was: &lt;3&gt;&#10;	expected: &lt;4&gt; but was: &lt;6&gt;&#10;	expected: &lt;11&gt; but was: &lt;12&gt;&#10;	expected: &lt;11&gt; but was: &lt;14&gt;" type="org.opentest4j.MultipleFailuresError"><![CDATA[org.opentest4j.MultipleFailuresError: 
Manhattan (5 failures)
	expected: <2> but was: <3>
	expected: <1> but was: <3>
	expected: <4> but was: <6>
	expected: <11> but was: <12>
	expected: <11> but was: <14>
	at com.ivantchernev.algorithms.BoardTest.manhattanShouldReturnDistancesBetweenBlocksAndGoal(BoardTest.java:32)
]]></failure>
  </testcase>
  <testcase name="dimensionShouldReturnLengthOfBoard" classname="com.ivantchernev.algorithms.BoardTest" time="0"/>
</testsuite>